_Temp/VC_X_Asr4Msn\X_Asr4Msn.ilk
_Temp/VC_X_Asr4Msn\X_Asr4Msn.pdb
D:\usr\Task_02\BTE_sample\TscStandard\EmbeddedSystem\_Temp/VC_X_Asr4Msn\X_Asr4Msn.exe
D:\usr\Task_02\BTE_sample\TscStandard\EmbeddedSystem\_Temp/VC_X_Asr4Msn\X_Asr4Msn.exe.intermediate.manifest
D:\usr\Task_02\BTE_sample\TscStandard\EmbeddedSystem\_Temp/VC_X_Asr4Msn\X_Asr4Msn.exe.manifest
D:\usr\Task_02\BTE_sample\TscStandard\EmbeddedSystem\_Temp\VC_X_Asr4Msn\BteCallContext.obj
D:\usr\Task_02\BTE_sample\TscStandard\EmbeddedSystem\_Temp\VC_X_Asr4Msn\BteCheck.obj
D:\usr\Task_02\BTE_sample\TscStandard\EmbeddedSystem\_Temp\VC_X_Asr4Msn\BteEvent.obj
D:\usr\Task_02\BTE_sample\TscStandard\EmbeddedSystem\_Temp\VC_X_Asr4Msn\BteEventList.obj
D:\usr\Task_02\BTE_sample\TscStandard\EmbeddedSystem\_Temp\VC_X_Asr4Msn\BteLog.obj
D:\usr\Task_02\BTE_sample\TscStandard\EmbeddedSystem\_Temp\VC_X_Asr4Msn\BteLogList.obj
D:\usr\Task_02\BTE_sample\TscStandard\EmbeddedSystem\_Temp\VC_X_Asr4Msn\BteReport.obj
D:\usr\Task_02\BTE_sample\TscStandard\EmbeddedSystem\_Temp\VC_X_Asr4Msn\BteReport.xml
D:\usr\Task_02\BTE_sample\TscStandard\EmbeddedSystem\_Temp\VC_X_Asr4Msn\BteTestHandler.obj
D:\usr\Task_02\BTE_sample\TscStandard\EmbeddedSystem\_Temp\VC_X_Asr4Msn\BteTiming.obj
D:\usr\Task_02\BTE_sample\TscStandard\EmbeddedSystem\_Temp\VC_X_Asr4Msn\CL.2356.read.1.tlog
D:\usr\Task_02\BTE_sample\TscStandard\EmbeddedSystem\_Temp\VC_X_Asr4Msn\CL.2356.write.1.tlog
D:\usr\Task_02\BTE_sample\TscStandard\EmbeddedSystem\_Temp\VC_X_Asr4Msn\CL.3140.read.1.tlog
D:\usr\Task_02\BTE_sample\TscStandard\EmbeddedSystem\_Temp\VC_X_Asr4Msn\CL.3140.write.1.tlog
D:\usr\Task_02\BTE_sample\TscStandard\EmbeddedSystem\_Temp\VC_X_Asr4Msn\CL.5108.read.1.tlog
D:\usr\Task_02\BTE_sample\TscStandard\EmbeddedSystem\_Temp\VC_X_Asr4Msn\CL.5108.write.1.tlog
D:\usr\Task_02\BTE_sample\TscStandard\EmbeddedSystem\_Temp\VC_X_Asr4Msn\CL.5320.read.1.tlog
D:\usr\Task_02\BTE_sample\TscStandard\EmbeddedSystem\_Temp\VC_X_Asr4Msn\CL.5320.write.1.tlog
D:\usr\Task_02\BTE_sample\TscStandard\EmbeddedSystem\_Temp\VC_X_Asr4Msn\CL.5460.read.1.tlog
D:\usr\Task_02\BTE_sample\TscStandard\EmbeddedSystem\_Temp\VC_X_Asr4Msn\CL.5460.write.1.tlog
D:\usr\Task_02\BTE_sample\TscStandard\EmbeddedSystem\_Temp\VC_X_Asr4Msn\CL.5628.read.1.tlog
D:\usr\Task_02\BTE_sample\TscStandard\EmbeddedSystem\_Temp\VC_X_Asr4Msn\CL.5628.write.1.tlog
D:\usr\Task_02\BTE_sample\TscStandard\EmbeddedSystem\_Temp\VC_X_Asr4Msn\CL.5992.read.1.tlog
D:\usr\Task_02\BTE_sample\TscStandard\EmbeddedSystem\_Temp\VC_X_Asr4Msn\CL.5992.write.1.tlog
D:\usr\Task_02\BTE_sample\TscStandard\EmbeddedSystem\_Temp\VC_X_Asr4Msn\CL.632.read.1.tlog
D:\usr\Task_02\BTE_sample\TscStandard\EmbeddedSystem\_Temp\VC_X_Asr4Msn\CL.632.write.1.tlog
D:\usr\Task_02\BTE_sample\TscStandard\EmbeddedSystem\_Temp\VC_X_Asr4Msn\cl.command.1.tlog
D:\usr\Task_02\BTE_sample\TscStandard\EmbeddedSystem\_Temp\VC_X_Asr4Msn\CL.read.1.tlog
D:\usr\Task_02\BTE_sample\TscStandard\EmbeddedSystem\_Temp\VC_X_Asr4Msn\cl.write.1.tlog
D:\usr\Task_02\BTE_sample\TscStandard\EmbeddedSystem\_Temp\VC_X_Asr4Msn\link.command.1.tlog
D:\usr\Task_02\BTE_sample\TscStandard\EmbeddedSystem\_Temp\VC_X_Asr4Msn\link.read.1.tlog
D:\usr\Task_02\BTE_sample\TscStandard\EmbeddedSystem\_Temp\VC_X_Asr4Msn\link.write.1.tlog
D:\usr\Task_02\BTE_sample\TscStandard\EmbeddedSystem\_Temp\VC_X_Asr4Msn\Mip.obj
D:\usr\Task_02\BTE_sample\TscStandard\EmbeddedSystem\_Temp\VC_X_Asr4Msn\Mip_Cfg.obj
D:\usr\Task_02\BTE_sample\TscStandard\EmbeddedSystem\_Temp\VC_X_Asr4Msn\Mip_Lcfg.obj
D:\usr\Task_02\BTE_sample\TscStandard\EmbeddedSystem\_Temp\VC_X_Asr4Msn\Mip_Pbcfg.obj
D:\usr\Task_02\BTE_sample\TscStandard\EmbeddedSystem\_Temp\VC_X_Asr4Msn\mt.command.1.tlog
D:\usr\Task_02\BTE_sample\TscStandard\EmbeddedSystem\_Temp\VC_X_Asr4Msn\mt.read.1.tlog
D:\usr\Task_02\BTE_sample\TscStandard\EmbeddedSystem\_Temp\VC_X_Asr4Msn\mt.write.1.tlog
D:\usr\Task_02\BTE_sample\TscStandard\EmbeddedSystem\_Temp\VC_X_Asr4Msn\TscAppl.obj
D:\usr\Task_02\BTE_sample\TscStandard\EmbeddedSystem\_Temp\VC_X_Asr4Msn\TscDem.obj
D:\usr\Task_02\BTE_sample\TscStandard\EmbeddedSystem\_Temp\VC_X_Asr4Msn\TscDet.obj
D:\usr\Task_02\BTE_sample\TscStandard\EmbeddedSystem\_Temp\VC_X_Asr4Msn\TscEcuM.obj
D:\usr\Task_02\BTE_sample\TscStandard\EmbeddedSystem\_Temp\VC_X_Asr4Msn\TscMip.obj
D:\usr\Task_02\BTE_sample\TscStandard\EmbeddedSystem\_Temp\VC_X_Asr4Msn\TscSchM.obj
D:\usr\Task_02\BTE_sample\TscStandard\EmbeddedSystem\_Temp\VC_X_Asr4Msn\TscTest.obj
D:\USR\TASK_02\BTE_SAMPLE\TSCSTANDARD\EMBEDDEDSYSTEM\_TEMP\VC_X_ASR4MSN\X_ASR4MSN.EXE
D:\USR\TASK_02\BTE_SAMPLE\TSCSTANDARD\EMBEDDEDSYSTEM\_TEMP\VC_X_ASR4MSN\X_ASR4MSN.EXE.INTERMEDIATE.MANIFEST
D:\USR\TASK_02\BTE_SAMPLE\TSCSTANDARD\EMBEDDEDSYSTEM\_TEMP\VC_X_ASR4MSN\X_ASR4MSN.EXE.MANIFEST
D:\USR\TASK_02\BTE_SAMPLE\TSCSTANDARD\EMBEDDEDSYSTEM\_TEMP\VC_X_ASR4MSN\X_ASR4MSN.ILK
D:\USR\TASK_02\BTE_SAMPLE\TSCSTANDARD\EMBEDDEDSYSTEM\_TEMP\VC_X_ASR4MSN\X_ASR4MSN.MAP
D:\USR\TASK_02\BTE_SAMPLE\TSCSTANDARD\EMBEDDEDSYSTEM\_TEMP\VC_X_ASR4MSN\X_ASR4MSN.PDB
D:\usr\Task_02\BTE_sample\TscStandard\EmbeddedSystem\_Temp\VC_X_Asr4Msn\X_Asr4Msn.write.1.tlog
