_Temp/VC_X_Asr4Msn\X_Asr4Msn.ilk
_Temp/VC_X_Asr4Msn\X_Asr4Msn.pdb
D:\usr\Task_02\BTE_sample_ArrayList_repo\TscStandard\EmbeddedSystem\_Temp/VC_X_Asr4Msn\X_Asr4Msn.exe
D:\usr\Task_02\BTE_sample_ArrayList_repo\TscStandard\EmbeddedSystem\_Temp/VC_X_Asr4Msn\X_Asr4Msn.exe.intermediate.manifest
D:\usr\Task_02\BTE_sample_ArrayList_repo\TscStandard\EmbeddedSystem\_Temp/VC_X_Asr4Msn\X_Asr4Msn.exe.manifest
D:\USR\TASK_02\BTE_SAMPLE_ARRAYLIST_REPO\TSCSTANDARD\EMBEDDEDSYSTEM\_TEMP\VC_X_ASR4MSN\BTECALLCONTEXT.ASM
D:\USR\TASK_02\BTE_SAMPLE_ARRAYLIST_REPO\TSCSTANDARD\EMBEDDEDSYSTEM\_TEMP\VC_X_ASR4MSN\BTECALLCONTEXT.OBJ
D:\USR\TASK_02\BTE_SAMPLE_ARRAYLIST_REPO\TSCSTANDARD\EMBEDDEDSYSTEM\_TEMP\VC_X_ASR4MSN\BTECHECK.ASM
D:\USR\TASK_02\BTE_SAMPLE_ARRAYLIST_REPO\TSCSTANDARD\EMBEDDEDSYSTEM\_TEMP\VC_X_ASR4MSN\BTECHECK.OBJ
D:\USR\TASK_02\BTE_SAMPLE_ARRAYLIST_REPO\TSCSTANDARD\EMBEDDEDSYSTEM\_TEMP\VC_X_ASR4MSN\BTEEVENT.ASM
D:\USR\TASK_02\BTE_SAMPLE_ARRAYLIST_REPO\TSCSTANDARD\EMBEDDEDSYSTEM\_TEMP\VC_X_ASR4MSN\BTEEVENT.OBJ
D:\USR\TASK_02\BTE_SAMPLE_ARRAYLIST_REPO\TSCSTANDARD\EMBEDDEDSYSTEM\_TEMP\VC_X_ASR4MSN\BTEEVENTLIST.ASM
D:\USR\TASK_02\BTE_SAMPLE_ARRAYLIST_REPO\TSCSTANDARD\EMBEDDEDSYSTEM\_TEMP\VC_X_ASR4MSN\BTEEVENTLIST.OBJ
D:\USR\TASK_02\BTE_SAMPLE_ARRAYLIST_REPO\TSCSTANDARD\EMBEDDEDSYSTEM\_TEMP\VC_X_ASR4MSN\BTELOG.ASM
D:\USR\TASK_02\BTE_SAMPLE_ARRAYLIST_REPO\TSCSTANDARD\EMBEDDEDSYSTEM\_TEMP\VC_X_ASR4MSN\BTELOG.OBJ
D:\USR\TASK_02\BTE_SAMPLE_ARRAYLIST_REPO\TSCSTANDARD\EMBEDDEDSYSTEM\_TEMP\VC_X_ASR4MSN\BTELOGLIST.ASM
D:\USR\TASK_02\BTE_SAMPLE_ARRAYLIST_REPO\TSCSTANDARD\EMBEDDEDSYSTEM\_TEMP\VC_X_ASR4MSN\BTELOGLIST.OBJ
D:\USR\TASK_02\BTE_SAMPLE_ARRAYLIST_REPO\TSCSTANDARD\EMBEDDEDSYSTEM\_TEMP\VC_X_ASR4MSN\BTEREPORT.ASM
D:\USR\TASK_02\BTE_SAMPLE_ARRAYLIST_REPO\TSCSTANDARD\EMBEDDEDSYSTEM\_TEMP\VC_X_ASR4MSN\BTEREPORT.OBJ
D:\usr\Task_02\BTE_sample_ArrayList_repo\TscStandard\EmbeddedSystem\_Temp\VC_X_Asr4Msn\BteReport.xml
D:\USR\TASK_02\BTE_SAMPLE_ARRAYLIST_REPO\TSCSTANDARD\EMBEDDEDSYSTEM\_TEMP\VC_X_ASR4MSN\BTETESTHANDLER.ASM
D:\USR\TASK_02\BTE_SAMPLE_ARRAYLIST_REPO\TSCSTANDARD\EMBEDDEDSYSTEM\_TEMP\VC_X_ASR4MSN\BTETESTHANDLER.OBJ
D:\USR\TASK_02\BTE_SAMPLE_ARRAYLIST_REPO\TSCSTANDARD\EMBEDDEDSYSTEM\_TEMP\VC_X_ASR4MSN\BTETIMING.ASM
D:\USR\TASK_02\BTE_SAMPLE_ARRAYLIST_REPO\TSCSTANDARD\EMBEDDEDSYSTEM\_TEMP\VC_X_ASR4MSN\BTETIMING.OBJ
D:\usr\Task_02\BTE_sample_ArrayList_repo\TscStandard\EmbeddedSystem\_Temp\VC_X_Asr4Msn\CL.1152.read.1.tlog
D:\usr\Task_02\BTE_sample_ArrayList_repo\TscStandard\EmbeddedSystem\_Temp\VC_X_Asr4Msn\CL.1152.write.1.tlog
D:\usr\Task_02\BTE_sample_ArrayList_repo\TscStandard\EmbeddedSystem\_Temp\VC_X_Asr4Msn\CL.2648.read.1.tlog
D:\usr\Task_02\BTE_sample_ArrayList_repo\TscStandard\EmbeddedSystem\_Temp\VC_X_Asr4Msn\CL.2648.write.1.tlog
D:\usr\Task_02\BTE_sample_ArrayList_repo\TscStandard\EmbeddedSystem\_Temp\VC_X_Asr4Msn\CL.320.read.1.tlog
D:\usr\Task_02\BTE_sample_ArrayList_repo\TscStandard\EmbeddedSystem\_Temp\VC_X_Asr4Msn\CL.320.write.1.tlog
D:\usr\Task_02\BTE_sample_ArrayList_repo\TscStandard\EmbeddedSystem\_Temp\VC_X_Asr4Msn\CL.3848.read.1.tlog
D:\usr\Task_02\BTE_sample_ArrayList_repo\TscStandard\EmbeddedSystem\_Temp\VC_X_Asr4Msn\CL.3848.write.1.tlog
D:\usr\Task_02\BTE_sample_ArrayList_repo\TscStandard\EmbeddedSystem\_Temp\VC_X_Asr4Msn\CL.3944.read.1.tlog
D:\usr\Task_02\BTE_sample_ArrayList_repo\TscStandard\EmbeddedSystem\_Temp\VC_X_Asr4Msn\CL.3944.write.1.tlog
D:\usr\Task_02\BTE_sample_ArrayList_repo\TscStandard\EmbeddedSystem\_Temp\VC_X_Asr4Msn\CL.4004.read.1.tlog
D:\usr\Task_02\BTE_sample_ArrayList_repo\TscStandard\EmbeddedSystem\_Temp\VC_X_Asr4Msn\CL.4004.write.1.tlog
D:\usr\Task_02\BTE_sample_ArrayList_repo\TscStandard\EmbeddedSystem\_Temp\VC_X_Asr4Msn\CL.4020.read.1.tlog
D:\usr\Task_02\BTE_sample_ArrayList_repo\TscStandard\EmbeddedSystem\_Temp\VC_X_Asr4Msn\CL.4020.write.1.tlog
D:\usr\Task_02\BTE_sample_ArrayList_repo\TscStandard\EmbeddedSystem\_Temp\VC_X_Asr4Msn\CL.4048.read.1.tlog
D:\usr\Task_02\BTE_sample_ArrayList_repo\TscStandard\EmbeddedSystem\_Temp\VC_X_Asr4Msn\CL.4048.write.1.tlog
D:\usr\Task_02\BTE_sample_ArrayList_repo\TscStandard\EmbeddedSystem\_Temp\VC_X_Asr4Msn\CL.4328.read.1.tlog
D:\usr\Task_02\BTE_sample_ArrayList_repo\TscStandard\EmbeddedSystem\_Temp\VC_X_Asr4Msn\CL.4328.write.1.tlog
D:\usr\Task_02\BTE_sample_ArrayList_repo\TscStandard\EmbeddedSystem\_Temp\VC_X_Asr4Msn\CL.4544.read.1.tlog
D:\usr\Task_02\BTE_sample_ArrayList_repo\TscStandard\EmbeddedSystem\_Temp\VC_X_Asr4Msn\CL.4544.write.1.tlog
D:\usr\Task_02\BTE_sample_ArrayList_repo\TscStandard\EmbeddedSystem\_Temp\VC_X_Asr4Msn\CL.4688.read.1.tlog
D:\usr\Task_02\BTE_sample_ArrayList_repo\TscStandard\EmbeddedSystem\_Temp\VC_X_Asr4Msn\CL.4688.write.1.tlog
D:\usr\Task_02\BTE_sample_ArrayList_repo\TscStandard\EmbeddedSystem\_Temp\VC_X_Asr4Msn\CL.4696.read.1.tlog
D:\usr\Task_02\BTE_sample_ArrayList_repo\TscStandard\EmbeddedSystem\_Temp\VC_X_Asr4Msn\CL.4696.write.1.tlog
D:\usr\Task_02\BTE_sample_ArrayList_repo\TscStandard\EmbeddedSystem\_Temp\VC_X_Asr4Msn\CL.4760.read.1.tlog
D:\usr\Task_02\BTE_sample_ArrayList_repo\TscStandard\EmbeddedSystem\_Temp\VC_X_Asr4Msn\CL.4760.write.1.tlog
D:\usr\Task_02\BTE_sample_ArrayList_repo\TscStandard\EmbeddedSystem\_Temp\VC_X_Asr4Msn\CL.4780.read.1.tlog
D:\usr\Task_02\BTE_sample_ArrayList_repo\TscStandard\EmbeddedSystem\_Temp\VC_X_Asr4Msn\CL.4780.write.1.tlog
D:\usr\Task_02\BTE_sample_ArrayList_repo\TscStandard\EmbeddedSystem\_Temp\VC_X_Asr4Msn\CL.4980.read.1.tlog
D:\usr\Task_02\BTE_sample_ArrayList_repo\TscStandard\EmbeddedSystem\_Temp\VC_X_Asr4Msn\CL.4980.write.1.tlog
D:\usr\Task_02\BTE_sample_ArrayList_repo\TscStandard\EmbeddedSystem\_Temp\VC_X_Asr4Msn\CL.5072.read.1.tlog
D:\usr\Task_02\BTE_sample_ArrayList_repo\TscStandard\EmbeddedSystem\_Temp\VC_X_Asr4Msn\CL.5072.write.1.tlog
D:\usr\Task_02\BTE_sample_ArrayList_repo\TscStandard\EmbeddedSystem\_Temp\VC_X_Asr4Msn\CL.5220.read.1.tlog
D:\usr\Task_02\BTE_sample_ArrayList_repo\TscStandard\EmbeddedSystem\_Temp\VC_X_Asr4Msn\CL.5220.write.1.tlog
D:\usr\Task_02\BTE_sample_ArrayList_repo\TscStandard\EmbeddedSystem\_Temp\VC_X_Asr4Msn\CL.5588.read.1.tlog
D:\usr\Task_02\BTE_sample_ArrayList_repo\TscStandard\EmbeddedSystem\_Temp\VC_X_Asr4Msn\CL.5588.write.1.tlog
D:\usr\Task_02\BTE_sample_ArrayList_repo\TscStandard\EmbeddedSystem\_Temp\VC_X_Asr4Msn\CL.5684.read.1.tlog
D:\usr\Task_02\BTE_sample_ArrayList_repo\TscStandard\EmbeddedSystem\_Temp\VC_X_Asr4Msn\CL.5684.write.1.tlog
D:\usr\Task_02\BTE_sample_ArrayList_repo\TscStandard\EmbeddedSystem\_Temp\VC_X_Asr4Msn\CL.5892.read.1.tlog
D:\usr\Task_02\BTE_sample_ArrayList_repo\TscStandard\EmbeddedSystem\_Temp\VC_X_Asr4Msn\CL.5892.write.1.tlog
D:\usr\Task_02\BTE_sample_ArrayList_repo\TscStandard\EmbeddedSystem\_Temp\VC_X_Asr4Msn\CL.6120.read.1.tlog
D:\usr\Task_02\BTE_sample_ArrayList_repo\TscStandard\EmbeddedSystem\_Temp\VC_X_Asr4Msn\CL.6120.write.1.tlog
D:\usr\Task_02\BTE_sample_ArrayList_repo\TscStandard\EmbeddedSystem\_Temp\VC_X_Asr4Msn\CL.6584.read.1.tlog
D:\usr\Task_02\BTE_sample_ArrayList_repo\TscStandard\EmbeddedSystem\_Temp\VC_X_Asr4Msn\CL.6584.write.1.tlog
D:\usr\Task_02\BTE_sample_ArrayList_repo\TscStandard\EmbeddedSystem\_Temp\VC_X_Asr4Msn\CL.6724.read.1.tlog
D:\usr\Task_02\BTE_sample_ArrayList_repo\TscStandard\EmbeddedSystem\_Temp\VC_X_Asr4Msn\CL.6724.write.1.tlog
D:\usr\Task_02\BTE_sample_ArrayList_repo\TscStandard\EmbeddedSystem\_Temp\VC_X_Asr4Msn\cl.command.1.tlog
D:\usr\Task_02\BTE_sample_ArrayList_repo\TscStandard\EmbeddedSystem\_Temp\VC_X_Asr4Msn\CL.read.1.tlog
D:\usr\Task_02\BTE_sample_ArrayList_repo\TscStandard\EmbeddedSystem\_Temp\VC_X_Asr4Msn\cl.write.1.tlog
D:\usr\Task_02\BTE_sample_ArrayList_repo\TscStandard\EmbeddedSystem\_Temp\VC_X_Asr4Msn\link.command.1.tlog
D:\usr\Task_02\BTE_sample_ArrayList_repo\TscStandard\EmbeddedSystem\_Temp\VC_X_Asr4Msn\link.read.1.tlog
D:\usr\Task_02\BTE_sample_ArrayList_repo\TscStandard\EmbeddedSystem\_Temp\VC_X_Asr4Msn\link.write.1.tlog
D:\usr\Task_02\BTE_sample_ArrayList_repo\TscStandard\EmbeddedSystem\_Temp\VC_X_Asr4Msn\Mip.obj
D:\usr\Task_02\BTE_sample_ArrayList_repo\TscStandard\EmbeddedSystem\_Temp\VC_X_Asr4Msn\Mip_Cfg.obj
D:\usr\Task_02\BTE_sample_ArrayList_repo\TscStandard\EmbeddedSystem\_Temp\VC_X_Asr4Msn\Mip_Lcfg.obj
D:\usr\Task_02\BTE_sample_ArrayList_repo\TscStandard\EmbeddedSystem\_Temp\VC_X_Asr4Msn\Mip_Pbcfg.obj
D:\usr\Task_02\BTE_sample_ArrayList_repo\TscStandard\EmbeddedSystem\_Temp\VC_X_Asr4Msn\mt.command.1.tlog
D:\usr\Task_02\BTE_sample_ArrayList_repo\TscStandard\EmbeddedSystem\_Temp\VC_X_Asr4Msn\mt.read.1.tlog
D:\usr\Task_02\BTE_sample_ArrayList_repo\TscStandard\EmbeddedSystem\_Temp\VC_X_Asr4Msn\mt.write.1.tlog
D:\USR\TASK_02\BTE_SAMPLE_ARRAYLIST_REPO\TSCSTANDARD\EMBEDDEDSYSTEM\_TEMP\VC_X_ASR4MSN\TSCAPPL.ASM
D:\USR\TASK_02\BTE_SAMPLE_ARRAYLIST_REPO\TSCSTANDARD\EMBEDDEDSYSTEM\_TEMP\VC_X_ASR4MSN\TSCAPPL.OBJ
D:\USR\TASK_02\BTE_SAMPLE_ARRAYLIST_REPO\TSCSTANDARD\EMBEDDEDSYSTEM\_TEMP\VC_X_ASR4MSN\TSCDEM.ASM
D:\USR\TASK_02\BTE_SAMPLE_ARRAYLIST_REPO\TSCSTANDARD\EMBEDDEDSYSTEM\_TEMP\VC_X_ASR4MSN\TSCDEM.OBJ
D:\USR\TASK_02\BTE_SAMPLE_ARRAYLIST_REPO\TSCSTANDARD\EMBEDDEDSYSTEM\_TEMP\VC_X_ASR4MSN\TSCDET.ASM
D:\USR\TASK_02\BTE_SAMPLE_ARRAYLIST_REPO\TSCSTANDARD\EMBEDDEDSYSTEM\_TEMP\VC_X_ASR4MSN\TSCDET.OBJ
D:\USR\TASK_02\BTE_SAMPLE_ARRAYLIST_REPO\TSCSTANDARD\EMBEDDEDSYSTEM\_TEMP\VC_X_ASR4MSN\TSCECUM.ASM
D:\USR\TASK_02\BTE_SAMPLE_ARRAYLIST_REPO\TSCSTANDARD\EMBEDDEDSYSTEM\_TEMP\VC_X_ASR4MSN\TSCECUM.OBJ
D:\USR\TASK_02\BTE_SAMPLE_ARRAYLIST_REPO\TSCSTANDARD\EMBEDDEDSYSTEM\_TEMP\VC_X_ASR4MSN\TSCMIP.ASM
D:\USR\TASK_02\BTE_SAMPLE_ARRAYLIST_REPO\TSCSTANDARD\EMBEDDEDSYSTEM\_TEMP\VC_X_ASR4MSN\TSCMIP.OBJ
D:\USR\TASK_02\BTE_SAMPLE_ARRAYLIST_REPO\TSCSTANDARD\EMBEDDEDSYSTEM\_TEMP\VC_X_ASR4MSN\TSCSCHM.ASM
D:\USR\TASK_02\BTE_SAMPLE_ARRAYLIST_REPO\TSCSTANDARD\EMBEDDEDSYSTEM\_TEMP\VC_X_ASR4MSN\TSCSCHM.OBJ
D:\usr\Task_02\BTE_sample_ArrayList_repo\TscStandard\EmbeddedSystem\_Temp\VC_X_Asr4Msn\TscTest.obj
D:\usr\Task_02\BTE_sample_ArrayList_repo\TscStandard\EmbeddedSystem\_Temp\VC_X_Asr4Msn\vc80.idb
D:\USR\TASK_02\BTE_SAMPLE_ARRAYLIST_REPO\TSCSTANDARD\EMBEDDEDSYSTEM\_TEMP\VC_X_ASR4MSN\VC80.PDB
D:\USR\TASK_02\BTE_SAMPLE_ARRAYLIST_REPO\TSCSTANDARD\EMBEDDEDSYSTEM\_TEMP\VC_X_ASR4MSN\X_ASR4MSN.EXE
D:\USR\TASK_02\BTE_SAMPLE_ARRAYLIST_REPO\TSCSTANDARD\EMBEDDEDSYSTEM\_TEMP\VC_X_ASR4MSN\X_ASR4MSN.EXE.INTERMEDIATE.MANIFEST
D:\USR\TASK_02\BTE_SAMPLE_ARRAYLIST_REPO\TSCSTANDARD\EMBEDDEDSYSTEM\_TEMP\VC_X_ASR4MSN\X_ASR4MSN.EXE.MANIFEST
D:\USR\TASK_02\BTE_SAMPLE_ARRAYLIST_REPO\TSCSTANDARD\EMBEDDEDSYSTEM\_TEMP\VC_X_ASR4MSN\X_ASR4MSN.ILK
D:\USR\TASK_02\BTE_SAMPLE_ARRAYLIST_REPO\TSCSTANDARD\EMBEDDEDSYSTEM\_TEMP\VC_X_ASR4MSN\X_ASR4MSN.MAP
D:\USR\TASK_02\BTE_SAMPLE_ARRAYLIST_REPO\TSCSTANDARD\EMBEDDEDSYSTEM\_TEMP\VC_X_ASR4MSN\X_ASR4MSN.PDB
D:\usr\Task_02\BTE_sample_ArrayList_repo\TscStandard\EmbeddedSystem\_Temp\VC_X_Asr4Msn\X_Asr4Msn.vcxprojResolveAssemblyReference.cache
D:\usr\Task_02\BTE_sample_ArrayList_repo\TscStandard\EmbeddedSystem\_Temp\VC_X_Asr4Msn\X_Asr4Msn.write.1.tlog
